{
  "Cucumber Features": {
    "coverage": {
      "/home/invitado/rails_projects/ranking_app/config/environment.rb": [
        null,
        1,
        null,
        null,
        1,
        null,
        null,
        null
      ],
      "/home/invitado/rails_projects/ranking_app/config/application.rb": [
        1,
        null,
        null,
        1,
        1,
        1,
        1,
        null,
        null,
        null,
        null,
        1,
        null,
        1,
        1,
        null,
        null,
        null,
        null,
        null,
        null,
        null,
        null,
        null,
        null,
        null,
        null,
        null
      ],
      "/home/invitado/rails_projects/ranking_app/config/boot.rb": [
        null,
        1,
        null,
        1
      ],
      "/home/invitado/rails_projects/ranking_app/config/environments/test.rb": [
        1,
        null,
        null,
        null,
        null,
        null,
        null,
        1,
        null,
        null,
        null,
        null,
        1,
        null,
        null,
        1,
        1,
        null,
        null,
        1,
        1,
        null,
        null,
        1,
        null,
        null,
        1,
        null,
        null,
        null,
        null,
        1,
        null,
        null,
        1,
        null,
        1,
        null,
        null
      ],
      "/home/invitado/rails_projects/ranking_app/config/initializers/backtrace_silencers.rb": [
        null,
        null,
        null,
        null,
        null,
        null,
        null
      ],
      "/home/invitado/rails_projects/ranking_app/config/initializers/devise.rb": [
        null,
        null,
        1,
        null,
        null,
        null,
        null,
        null,
        null,
        null,
        null,
        null,
        1,
        null,
        null,
        1,
        null,
        null,
        null,
        null,
        null,
        1,
        null,
        null,
        null,
        null,
        null,
        null,
        null,
        null,
        null,
        null,
        null,
        null,
        null,
        null,
        null,
        null,
        null,
        null,
        null,
        null,
        null,
        1,
        null,
        null,
        null,
        null,
        1,
        null,
        null,
        null,
        null,
        null,
        null,
        null,
        null,
        null,
        null,
        null,
        null,
        null,
        null,
        null,
        null,
        null,
        null,
        null,
        null,
        null,
        null,
        null,
        null,
        null,
        null,
        null,
        null,
        null,
        null,
        1,
        null,
        null,
        null,
        null,
        null,
        null,
        null,
        null,
        null,
        null,
        null,
        null,
        null,
        null,
        null,
        null,
        1,
        null,
        null,
        null,
        null,
        null,
        null,
        null,
        null,
        null,
        null,
        null,
        null,
        null,
        null,
        null,
        null,
        null,
        null,
        null,
        null,
        null,
        null,
        null,
        null,
        1,
        null,
        null,
        null,
        null,
        null,
        null,
        null,
        null,
        null,
        null,
        null,
        null,
        null,
        null,
        null,
        null,
        null,
        1,
        null,
        null,
        null,
        null,
        null,
        null,
        null,
        null,
        null,
        null,
        null,
        null,
        null,
        null,
        null,
        null,
        null,
        null,
        null,
        null,
        null,
        null,
        null,
        null,
        null,
        null,
        null,
        null,
        null,
        null,
        null,
        null,
        null,
        null,
        null,
        null,
        null,
        null,
        null,
        null,
        null,
        null,
        null,
        null,
        null,
        null,
        null,
        null,
        1,
        null,
        null,
        null,
        null,
        null,
        null,
        null,
        null,
        null,
        null,
        null,
        null,
        null,
        null,
        null,
        null,
        null,
        null,
        null,
        null,
        null,
        null,
        null,
        null,
        null,
        null,
        null,
        null,
        null,
        null,
        null,
        null,
        null,
        null,
        null,
        null,
        null,
        1,
        null,
        null,
        null,
        null,
        null,
        null,
        null,
        null,
        null,
        null,
        null,
        null,
        null,
        null,
        null,
        null,
        null,
        null,
        null,
        null,
        null,
        null,
        null,
        null,
        null,
        null,
        null,
        null,
        null
      ],
      "/home/invitado/rails_projects/ranking_app/config/initializers/filter_parameter_logging.rb": [
        null,
        null,
        null,
        1
      ],
      "/home/invitado/rails_projects/ranking_app/config/initializers/inflections.rb": [
        null,
        null,
        null,
        null,
        null,
        null,
        null,
        null,
        null,
        null,
        null,
        null,
        null,
        null,
        null,
        null
      ],
      "/home/invitado/rails_projects/ranking_app/config/initializers/mime_types.rb": [
        null,
        null,
        null,
        null,
        null
      ],
      "/home/invitado/rails_projects/ranking_app/config/initializers/secret_token.rb": [
        null,
        null,
        null,
        null,
        null,
        null,
        null,
        null,
        null,
        null,
        null,
        1,
        null,
        1,
        1,
        1,
        null,
        1,
        null,
        null,
        0,
        0,
        0,
        null,
        null,
        null,
        1,
        null
      ],
      "/home/invitado/rails_projects/ranking_app/config/initializers/session_store.rb": [
        null,
        null,
        1
      ],
      "/home/invitado/rails_projects/ranking_app/config/initializers/wrap_parameters.rb": [
        null,
        null,
        null,
        null,
        null,
        null,
        1,
        1,
        null,
        null,
        null,
        null,
        null,
        null
      ],
      "/home/invitado/rails_projects/ranking_app/factories/factories.rb": [
        1,
        1,
        1,
        null,
        1,
        null,
        1,
        null,
        1,
        1,
        null,
        null,
        null,
        null,
        null,
        null,
        null,
        null,
        1,
        1,
        1,
        1,
        null,
        1,
        1,
        null,
        null,
        1,
        null,
        null,
        1,
        null,
        null,
        1,
        null,
        null,
        null,
        1,
        1,
        1,
        1,
        null,
        null,
        1,
        1,
        null,
        null,
        1,
        1,
        1,
        1,
        1,
        null,
        null,
        null
      ],
      "/home/invitado/rails_projects/ranking_app/config/routes.rb": [
        1,
        1,
        1,
        null,
        null,
        null,
        null,
        null,
        1,
        null,
        1,
        1,
        1,
        1,
        null,
        1,
        1,
        1,
        null,
        null,
        null,
        null,
        null,
        null,
        null,
        null,
        null,
        null,
        null,
        null,
        null,
        null,
        null,
        null,
        null,
        null,
        null,
        null,
        null,
        null,
        null,
        null,
        null,
        null,
        null,
        null,
        null,
        null,
        null,
        null,
        null,
        null,
        null,
        null,
        null,
        null,
        null,
        null,
        null,
        null,
        null,
        null,
        null,
        null,
        null,
        null,
        null,
        null
      ],
      "/home/invitado/rails_projects/ranking_app/app/models/user.rb": [
        1,
        1,
        null,
        1,
        null,
        null,
        null,
        1,
        null,
        null,
        null,
        1,
        34,
        null,
        null,
        null
      ],
      "/home/invitado/rails_projects/ranking_app/app/uploaders/image_uploader.rb": [
        null,
        null,
        1,
        null,
        null,
        null,
        null,
        null,
        null,
        1,
        null,
        null,
        null,
        null,
        1,
        12,
        null,
        null,
        null,
        null,
        null,
        null,
        null,
        null,
        null,
        null,
        null,
        null,
        null,
        null,
        null,
        null,
        null,
        null,
        null,
        null,
        null,
        null,
        null,
        null,
        1,
        28,
        null,
        null,
        null,
        null,
        null,
        null,
        null,
        null,
        null
      ],
      "/home/invitado/rails_projects/ranking_app/features/support/email.rb": [
        1,
        1
      ],
      "/home/invitado/rails_projects/ranking_app/features/support/paths.rb": [
        null,
        1,
        null,
        null,
        null,
        null,
        null,
        null,
        1,
        123,
        null,
        null,
        60,
        null,
        4,
        null,
        null,
        0,
        null,
        null,
        null,
        null,
        null,
        null,
        null,
        null,
        59,
        59,
        59,
        59,
        0,
        0,
        null,
        null,
        null,
        null,
        null,
        null,
        1
      ],
      "/home/invitado/rails_projects/ranking_app/features/support/selectors.rb": [
        null,
        1,
        null,
        null,
        null,
        null,
        null,
        null,
        1,
        28,
        null,
        null,
        0,
        null,
        null,
        null,
        null,
        null,
        null,
        null,
        null,
        null,
        null,
        null,
        null,
        null,
        null,
        null,
        null,
        null,
        28,
        null,
        null,
        0,
        null,
        null,
        null,
        null,
        null,
        1
      ],
      "/home/invitado/rails_projects/ranking_app/features/step_definitions/award_steps.rb": [
        1,
        null,
        14,
        14,
        210,
        null,
        null
      ],
      "/home/invitado/rails_projects/ranking_app/features/step_definitions/dog_steps.rb": [
        1,
        null,
        31,
        null,
        31,
        56,
        56,
        null,
        null,
        null,
        1,
        null,
        1,
        null,
        1,
        2,
        null,
        2,
        null,
        null,
        null,
        1,
        7,
        null
      ],
      "/home/invitado/rails_projects/ranking_app/features/step_definitions/email_steps.rb": [
        null,
        null,
        null,
        null,
        null,
        null,
        null,
        null,
        null,
        null,
        null,
        null,
        null,
        null,
        null,
        null,
        null,
        null,
        null,
        null,
        null,
        null,
        null,
        null,
        null,
        null,
        1,
        1,
        null,
        null,
        null,
        2,
        null,
        null,
        null,
        1,
        null,
        null,
        null,
        null,
        null,
        null,
        1,
        0,
        null,
        null,
        null,
        null,
        null,
        null,
        1,
        0,
        null,
        null,
        1,
        0,
        null,
        null,
        1,
        0,
        null,
        null,
        1,
        0,
        null,
        null,
        1,
        0,
        null,
        null,
        null,
        null,
        null,
        null,
        null,
        1,
        0,
        null,
        null,
        1,
        1,
        null,
        null,
        1,
        0,
        null,
        null,
        1,
        0,
        null,
        null,
        1,
        0,
        null,
        null,
        null,
        null,
        null,
        null,
        1,
        0,
        null,
        null,
        1,
        0,
        null,
        null,
        1,
        0,
        null,
        null,
        1,
        0,
        null,
        null,
        1,
        0,
        null,
        null,
        1,
        0,
        null,
        null,
        1,
        0,
        null,
        null,
        1,
        0,
        null,
        null,
        1,
        0,
        null,
        null,
        1,
        0,
        null,
        null,
        null,
        null,
        null,
        null,
        1,
        0,
        null,
        null,
        1,
        0,
        null,
        null,
        1,
        0,
        null,
        null,
        1,
        0,
        null,
        null,
        1,
        0,
        null,
        null,
        1,
        0,
        0,
        null,
        null,
        null,
        1,
        0,
        null,
        null,
        null,
        null,
        null,
        null,
        1,
        0,
        null,
        null,
        1,
        1,
        null,
        null,
        null,
        null,
        null,
        null,
        null,
        null,
        1,
        0,
        null,
        null,
        1,
        0,
        null,
        null,
        1,
        0,
        null,
        null,
        1,
        0,
        null
      ],
      "/home/invitado/rails_projects/ranking_app/features/step_definitions/exhibition_steps.rb": [
        1,
        null,
        28,
        28,
        56,
        null,
        null,
        null,
        1,
        7,
        null,
        null,
        1,
        0,
        0,
        null,
        null
      ],
      "/home/invitado/rails_projects/ranking_app/features/step_definitions/result_steps.rb": [
        1,
        null,
        14,
        14,
        28,
        null,
        null,
        null,
        1,
        1,
        null,
        null,
        1,
        1,
        null
      ],
      "/home/invitado/rails_projects/ranking_app/features/step_definitions/type_steps.rb": [
        1,
        null,
        14,
        14,
        84,
        null,
        null
      ],
      "/home/invitado/rails_projects/ranking_app/features/step_definitions/user_steps.rb": [
        1,
        null,
        61,
        155,
        155,
        155,
        155,
        null,
        null,
        null,
        1,
        59,
        null,
        null,
        null,
        null,
        null,
        null,
        null,
        null,
        1,
        58,
        58,
        null,
        null,
        null,
        null,
        null,
        null,
        null,
        null,
        1,
        1,
        null
      ],
      "/home/invitado/rails_projects/ranking_app/features/step_definitions/util_steps.rb": [
        1,
        0,
        null
      ],
      "/home/invitado/rails_projects/ranking_app/features/step_definitions/web_steps.rb": [
        null,
        1,
        null
      ],
      "/home/invitado/rails_projects/ranking_app/app/models/dog.rb": [
        1,
        1,
        1,
        null,
        1,
        null,
        1,
        1,
        1,
        1,
        null,
        1,
        69,
        2,
        null,
        null,
        null,
        null,
        null
      ],
      "/home/invitado/rails_projects/ranking_app/app/controllers/dogs_controller.rb": [
        1,
        1,
        1,
        1,
        183,
        null,
        null,
        1,
        6,
        6,
        null,
        null,
        1,
        null,
        6,
        6,
        6,
        null,
        6,
        2,
        2,
        null,
        4,
        4,
        null,
        null,
        null,
        1,
        null,
        null,
        1,
        6,
        null,
        null,
        1,
        5,
        5,
        2,
        2,
        null,
        3,
        3,
        null,
        null,
        null,
        1,
        3,
        2,
        2,
        2,
        null,
        null,
        1,
        1,
        11,
        null,
        null,
        1,
        18,
        null,
        null,
        1,
        26,
        null,
        null
      ],
      "/home/invitado/rails_projects/ranking_app/app/controllers/application_controller.rb": [
        1,
        null,
        null,
        1,
        null,
        1,
        2,
        0,
        0,
        null,
        null,
        2,
        2,
        null,
        0,
        null,
        null,
        null,
        null,
        null,
        1,
        null,
        1,
        66,
        66,
        4,
        4,
        null,
        null,
        null,
        null
      ],
      "/home/invitado/rails_projects/ranking_app/app/helpers/application_helper.rb": [
        1,
        null
      ],
      "/home/invitado/rails_projects/ranking_app/app/helpers/admin/users_helper.rb": [
        1,
        null
      ],
      "/home/invitado/rails_projects/ranking_app/app/helpers/dogs_helper.rb": [
        1,
        null
      ],
      "/home/invitado/rails_projects/ranking_app/app/helpers/users_helper.rb": [
        1,
        null
      ],
      "/home/invitado/rails_projects/ranking_app/app/models/ability.rb": [
        1,
        1,
        null,
        1,
        null,
        null,
        67,
        null,
        67,
        null,
        67,
        67,
        null,
        67,
        67,
        67,
        11,
        null,
        67,
        4,
        null,
        67,
        67,
        0,
        null,
        null,
        null,
        null,
        null,
        null,
        null,
        null,
        null,
        null,
        null,
        null,
        null,
        null,
        null,
        null,
        null,
        67,
        19,
        19,
        19,
        19,
        null,
        null,
        null,
        null,
        null,
        null,
        null,
        null,
        null,
        null,
        null,
        null,
        null,
        null,
        null,
        null,
        null,
        null,
        null,
        null,
        null,
        null,
        null,
        null,
        null,
        null,
        null
      ],
      "/home/invitado/rails_projects/ranking_app/app/models/result.rb": [
        1,
        1,
        1,
        1,
        null,
        null,
        null,
        1,
        1,
        1,
        null,
        null
      ],
      "/home/invitado/rails_projects/ranking_app/app/models/type.rb": [
        1,
        1,
        1,
        null,
        1,
        1,
        null,
        1,
        null,
        1,
        null,
        null
      ],
      "/home/invitado/rails_projects/ranking_app/app/models/exhibition.rb": [
        1,
        1,
        1,
        null,
        1,
        null,
        1,
        null,
        null,
        null,
        null,
        1,
        65,
        2,
        null,
        null,
        null
      ],
      "/home/invitado/rails_projects/ranking_app/app/controllers/exhibitions_controller.rb": [
        1,
        1,
        1,
        1,
        15,
        null,
        null,
        1,
        5,
        null,
        null,
        1,
        5,
        null,
        5,
        1,
        1,
        null,
        4,
        4,
        null,
        null,
        null,
        1,
        null,
        null,
        1,
        null,
        null,
        1,
        4,
        1,
        1,
        null,
        3,
        3,
        null,
        null,
        null,
        1,
        1,
        1,
        1,
        null,
        null,
        null,
        null,
        1,
        1,
        9,
        null,
        null,
        1,
        11,
        null,
        null
      ],
      "/home/invitado/rails_projects/ranking_app/app/models/award.rb": [
        1,
        1,
        1,
        null,
        1,
        1,
        null,
        1,
        null,
        null,
        null
      ],
      "/home/invitado/rails_projects/ranking_app/app/controllers/admin/results_controller.rb": [
        1,
        1,
        1,
        1,
        6,
        null,
        null,
        1,
        1,
        null,
        null,
        1,
        0,
        null,
        0,
        0,
        0,
        null,
        0,
        0,
        null,
        null,
        null,
        1,
        null,
        null,
        1,
        null,
        null,
        1,
        0,
        0,
        0,
        0,
        0,
        null,
        0,
        0,
        null,
        null,
        null,
        1,
        0,
        0,
        0,
        null,
        null,
        null,
        null,
        1,
        1,
        0,
        null,
        null,
        1,
        1,
        null,
        null,
        1,
        0,
        null,
        null
      ],
      "/home/invitado/rails_projects/ranking_app/app/controllers/results_controller.rb": [
        1,
        1,
        1,
        1,
        16,
        16,
        16,
        null,
        null,
        1,
        4,
        4,
        null,
        null,
        1,
        5,
        5,
        5,
        5,
        2,
        2,
        2,
        2,
        2,
        null,
        3,
        3,
        null,
        null,
        null,
        1,
        1,
        null,
        null,
        1,
        0,
        null,
        null,
        1,
        1,
        1,
        1,
        1,
        1,
        null,
        0,
        0,
        null,
        null,
        null,
        1,
        6,
        6,
        6,
        4,
        4,
        4,
        2,
        1,
        1,
        1,
        null,
        1,
        1,
        null,
        null,
        null,
        null,
        null,
        1,
        1,
        6,
        null,
        null,
        1,
        8,
        null,
        null,
        1,
        1,
        null,
        null,
        1,
        16,
        null,
        null,
        1,
        2,
        null,
        null
      ],
      "/home/invitado/rails_projects/ranking_app/app/mailers/result_mailer.rb": [
        1,
        1,
        null,
        1,
        2,
        2,
        2,
        null,
        null,
        1,
        2,
        2,
        2,
        2,
        null,
        null,
        1,
        1,
        1,
        1,
        null,
        null,
        null
      ],
      "/home/invitado/rails_projects/ranking_app/app/controllers/users_controller.rb": [
        1,
        1,
        1,
        null,
        1,
        5,
        5,
        null,
        null,
        1,
        0,
        0,
        null,
        null,
        null,
        1,
        0,
        0,
        0,
        0,
        0,
        null,
        0,
        0,
        null,
        null,
        null,
        1,
        3,
        null,
        null,
        1,
        2,
        null,
        null,
        1,
        2,
        2,
        1,
        1,
        null,
        1,
        1,
        null,
        null,
        null,
        1,
        0,
        0,
        0,
        0,
        null,
        null,
        1,
        1,
        2,
        null,
        null,
        1,
        7,
        null,
        null,
        null
      ],
      "/home/invitado/rails_projects/ranking_app/app/controllers/admin/users_controller.rb": [
        1,
        1,
        1,
        null,
        1,
        11,
        null,
        null,
        1,
        5,
        null,
        null,
        null,
        1,
        5,
        5,
        1,
        null,
        4,
        null,
        null,
        5,
        2,
        2,
        null,
        3,
        3,
        null,
        null,
        null,
        1,
        2,
        null,
        null,
        1,
        null,
        null,
        1,
        3,
        0,
        0,
        null,
        3,
        3,
        2,
        2,
        null,
        1,
        1,
        null,
        null,
        null,
        1,
        2,
        1,
        null,
        1,
        1,
        null,
        2,
        null,
        null,
        1,
        1,
        13,
        null,
        null,
        1,
        10,
        null,
        null,
        1,
        3,
        null,
        null,
        null
      ]
    },
    "timestamp": 1415132896
  },
  "RSpec": {
    "coverage": {
      "/home/invitado/rails_projects/ranking_app/config/environment.rb": [
        null,
        1,
        null,
        null,
        1,
        null,
        null,
        null
      ],
      "/home/invitado/rails_projects/ranking_app/config/application.rb": [
        1,
        null,
        null,
        1,
        1,
        1,
        1,
        null,
        null,
        null,
        null,
        1,
        null,
        1,
        1,
        null,
        null,
        null,
        null,
        null,
        null,
        null,
        null,
        null,
        null,
        null,
        null,
        null
      ],
      "/home/invitado/rails_projects/ranking_app/config/boot.rb": [
        null,
        1,
        null,
        1
      ],
      "/home/invitado/rails_projects/ranking_app/config/environments/test.rb": [
        1,
        null,
        null,
        null,
        null,
        null,
        null,
        1,
        null,
        null,
        null,
        null,
        1,
        null,
        null,
        1,
        1,
        null,
        null,
        1,
        1,
        null,
        null,
        1,
        null,
        null,
        1,
        null,
        null,
        null,
        null,
        1,
        null,
        null,
        1,
        null,
        1,
        null,
        null
      ],
      "/home/invitado/rails_projects/ranking_app/config/initializers/backtrace_silencers.rb": [
        null,
        null,
        null,
        null,
        null,
        null,
        null
      ],
      "/home/invitado/rails_projects/ranking_app/config/initializers/devise.rb": [
        null,
        null,
        1,
        null,
        null,
        null,
        null,
        null,
        null,
        null,
        null,
        null,
        1,
        null,
        null,
        null,
        null,
        null,
        null,
        null,
        null,
        1,
        null,
        null,
        null,
        null,
        null,
        null,
        null,
        null,
        null,
        null,
        null,
        null,
        null,
        null,
        null,
        null,
        null,
        null,
        null,
        null,
        null,
        1,
        null,
        null,
        null,
        null,
        1,
        null,
        null,
        null,
        null,
        null,
        null,
        null,
        null,
        null,
        null,
        null,
        null,
        null,
        null,
        null,
        null,
        null,
        null,
        null,
        null,
        null,
        null,
        null,
        null,
        null,
        null,
        null,
        null,
        null,
        null,
        1,
        null,
        null,
        null,
        null,
        null,
        null,
        null,
        null,
        null,
        null,
        null,
        null,
        null,
        null,
        null,
        null,
        1,
        null,
        null,
        null,
        null,
        null,
        null,
        null,
        null,
        null,
        null,
        null,
        null,
        null,
        null,
        null,
        null,
        null,
        null,
        null,
        null,
        null,
        null,
        null,
        null,
        1,
        null,
        null,
        null,
        null,
        null,
        null,
        null,
        null,
        null,
        null,
        null,
        null,
        null,
        null,
        null,
        null,
        null,
        1,
        null,
        null,
        null,
        null,
        null,
        null,
        null,
        null,
        null,
        null,
        null,
        null,
        null,
        null,
        null,
        null,
        null,
        null,
        null,
        null,
        null,
        null,
        null,
        null,
        null,
        null,
        null,
        null,
        null,
        null,
        null,
        null,
        null,
        null,
        null,
        null,
        null,
        null,
        null,
        null,
        null,
        null,
        null,
        null,
        null,
        null,
        null,
        null,
        1,
        null,
        null,
        null,
        null,
        null,
        null,
        null,
        null,
        null,
        null,
        null,
        null,
        null,
        null,
        null,
        null,
        null,
        null,
        null,
        null,
        null,
        null,
        null,
        null,
        null,
        null,
        null,
        null,
        null,
        null,
        null,
        null,
        null,
        null,
        null,
        null,
        null,
        1,
        null,
        null,
        null,
        null,
        null,
        null,
        null,
        null,
        null,
        null,
        null,
        null,
        null,
        null,
        null,
        null,
        null,
        null,
        null,
        null,
        null,
        null,
        null,
        null,
        null,
        null,
        null,
        null,
        null
      ],
      "/home/invitado/rails_projects/ranking_app/config/initializers/filter_parameter_logging.rb": [
        null,
        null,
        null,
        1
      ],
      "/home/invitado/rails_projects/ranking_app/config/initializers/inflections.rb": [
        null,
        null,
        null,
        null,
        null,
        null,
        null,
        null,
        null,
        null,
        null,
        null,
        null,
        null,
        null,
        null
      ],
      "/home/invitado/rails_projects/ranking_app/config/initializers/mime_types.rb": [
        null,
        null,
        null,
        null,
        null
      ],
      "/home/invitado/rails_projects/ranking_app/config/initializers/secret_token.rb": [
        null,
        null,
        null,
        null,
        null,
        null,
        null,
        null,
        null,
        null,
        null,
        1,
        null,
        1,
        1,
        1,
        null,
        1,
        null,
        null,
        0,
        0,
        0,
        null,
        null,
        null,
        1,
        null
      ],
      "/home/invitado/rails_projects/ranking_app/config/initializers/session_store.rb": [
        null,
        null,
        1
      ],
      "/home/invitado/rails_projects/ranking_app/config/initializers/wrap_parameters.rb": [
        null,
        null,
        null,
        null,
        null,
        null,
        1,
        1,
        null,
        null,
        null,
        null,
        null,
        null
      ],
      "/home/invitado/rails_projects/ranking_app/factories/factories.rb": [
        1,
        1,
        1,
        1,
        1,
        1,
        1,
        null,
        null,
        null,
        null,
        null,
        null,
        null,
        null,
        1,
        1,
        1,
        1,
        null,
        1,
        1,
        null,
        null,
        1,
        null,
        null,
        null
      ],
      "/home/invitado/rails_projects/ranking_app/config/routes.rb": [
        1,
        1,
        1,
        null,
        null,
        null,
        null,
        null,
        1,
        null,
        1,
        1,
        null,
        1,
        1,
        null,
        null,
        null,
        null,
        null,
        null,
        null,
        null,
        null,
        null,
        null,
        null,
        null,
        null,
        null,
        null,
        null,
        null,
        null,
        null,
        null,
        null,
        null,
        null,
        null,
        null,
        null,
        null,
        null,
        null,
        null,
        null,
        null,
        null,
        null,
        null,
        null,
        null,
        null,
        null,
        null,
        null,
        null,
        null,
        null,
        null,
        null,
        null,
        null,
        null
      ],
      "/home/invitado/rails_projects/ranking_app/app/models/user.rb": [
        1,
        1,
        null,
        null,
        null,
        1,
        null,
        null,
        null,
        1,
        0,
        null,
        null,
        null
      ],
      "/home/invitado/rails_projects/ranking_app/features/support/email.rb": [
        1,
        1
      ],
      "/home/invitado/rails_projects/ranking_app/features/support/paths.rb": [
        null,
        1,
        null,
        null,
        null,
        null,
        null,
        null,
        1,
        0,
        null,
        null,
        0,
        null,
        0,
        null,
        null,
        0,
        null,
        null,
        null,
        null,
        null,
        null,
        null,
        null,
        0,
        0,
        0,
        0,
        0,
        0,
        null,
        null,
        null,
        null,
        null,
        null,
        1
      ],
      "/home/invitado/rails_projects/ranking_app/features/support/selectors.rb": [
        null,
        1,
        null,
        null,
        null,
        null,
        null,
        null,
        1,
        0,
        null,
        null,
        0,
        null,
        null,
        null,
        null,
        null,
        null,
        null,
        null,
        null,
        null,
        null,
        null,
        null,
        null,
        null,
        null,
        null,
        0,
        null,
        null,
        0,
        null,
        null,
        null,
        null,
        null,
        1
      ],
      "/home/invitado/rails_projects/ranking_app/features/step_definitions/dog_steps.rb": [
        1,
        null,
        0,
        0,
        0,
        0,
        null,
        null,
        null,
        1,
        null,
        0,
        0,
        0,
        null,
        0,
        null,
        null,
        null,
        1,
        0,
        null
      ],
      "/home/invitado/rails_projects/ranking_app/features/step_definitions/email_steps.rb": [
        null,
        null,
        null,
        null,
        null,
        null,
        null,
        null,
        null,
        null,
        null,
        null,
        null,
        null,
        null,
        null,
        null,
        null,
        null,
        null,
        null,
        null,
        null,
        null,
        null,
        null,
        1,
        1,
        null,
        null,
        null,
        0,
        null,
        null,
        null,
        1,
        null,
        null,
        null,
        null,
        null,
        null,
        1,
        0,
        null,
        null,
        null,
        null,
        null,
        null,
        1,
        0,
        null,
        null,
        1,
        0,
        null,
        null,
        1,
        0,
        null,
        null,
        1,
        0,
        null,
        null,
        1,
        0,
        null,
        null,
        null,
        null,
        null,
        null,
        null,
        1,
        0,
        null,
        null,
        1,
        0,
        null,
        null,
        1,
        0,
        null,
        null,
        1,
        0,
        null,
        null,
        1,
        0,
        null,
        null,
        null,
        null,
        null,
        null,
        1,
        0,
        null,
        null,
        1,
        0,
        null,
        null,
        1,
        0,
        null,
        null,
        1,
        0,
        null,
        null,
        1,
        0,
        null,
        null,
        1,
        0,
        null,
        null,
        1,
        0,
        null,
        null,
        1,
        0,
        null,
        null,
        1,
        0,
        null,
        null,
        1,
        0,
        null,
        null,
        null,
        null,
        null,
        null,
        1,
        0,
        null,
        null,
        1,
        0,
        null,
        null,
        1,
        0,
        null,
        null,
        1,
        0,
        null,
        null,
        1,
        0,
        null,
        null,
        1,
        0,
        0,
        null,
        null,
        null,
        1,
        0,
        null,
        null,
        null,
        null,
        null,
        null,
        1,
        0,
        null,
        null,
        1,
        0,
        null,
        null,
        null,
        null,
        null,
        null,
        null,
        null,
        1,
        0,
        null,
        null,
        1,
        0,
        null,
        null,
        1,
        0,
        null,
        null,
        1,
        0,
        null
      ],
      "/home/invitado/rails_projects/ranking_app/features/step_definitions/user_steps.rb": [
        1,
        null,
        0,
        0,
        0,
        0,
        0,
        null,
        null,
        null,
        1,
        0,
        null,
        null,
        null,
        null,
        null,
        null,
        null,
        null,
        1,
        0,
        0,
        null,
        null,
        null,
        null,
        null,
        null,
        null,
        null,
        1,
        0,
        null
      ],
      "/home/invitado/rails_projects/ranking_app/features/step_definitions/util_steps.rb": [
        1,
        0,
        null
      ],
      "/home/invitado/rails_projects/ranking_app/features/step_definitions/web_steps.rb": [
        null,
        1
      ]
    },
    "timestamp": 1413372654
  }
}
